0 info it worked if it ends with ok
1 verbose cli [ 'node', '/usr/local/bin/npm', 'start' ]
2 info using npm@1.4.9
3 info using node@v0.10.28
4 verbose run-script [ 'prestart', 'start', 'poststart' ]
5 info prestart socialapp@
6 info start socialapp@
7 verbose unsafe-perm in lifecycle true
8 info socialapp@ Failed to exec start script
9 error socialapp@ start: `{ gulp dev }`
9 error Exit status 2
10 error Failed at the socialapp@ start script.
10 error This is most likely a problem with the socialapp package,
10 error not with npm itself.
10 error Tell the author that this fails on your system:
10 error     { gulp dev }
10 error You can get their info via:
10 error     npm owner ls socialapp
10 error There is likely additional logging output above.
11 error System Darwin 14.3.0
12 error command "node" "/usr/local/bin/npm" "start"
13 error cwd /Users/Graeme/Documents/codez/social-app
14 error node -v v0.10.28
15 error npm -v 1.4.9
16 error code ELIFECYCLE
17 verbose exit [ 1, true ]
